<?xml version="1.0" encoding="UTF-8"?>
<testsuite name="SILab2Test" tests="1" skipped="0" failures="0" errors="0" timestamp="2023-05-31T21:27:26" hostname="DESKTOP-F1DOJAK" time="0.016">
  <properties/>
  <testcase name="functionMultipleCondition()" classname="SILab2Test" time="0.016"/>
  <system-out><![CDATA[]]></system-out>
  <system-err><![CDATA[]]></system-err>
</testsuite>
